0 silly input []
1 silly flags { _: [ 'bootstrap' ],
1 silly flags   'reject-cycles': false,
1 silly flags   rejectCycles: false,
1 silly flags   args: [] }
2 verbose rootPath /Users/euanmillar/Clients/Plan/Development/OpenCRVS
3 info version 2.11.0
4 silly existsSync /Users/euanmillar/Clients/Plan/Development/OpenCRVS/VERSION
5 silly initialize attempt
6 silly npmConfig { registry: undefined,
6 silly npmConfig   npmClient: 'yarn',
6 silly npmConfig   npmClientArgs: undefined,
6 silly npmConfig   mutex: 'network:42424' }
7 silly initialize success
8 silly execute attempt
9 info Bootstrapping 2 packages
10 info lifecycle preinstall
11 silly runScript preinstall @opencrvs/components
12 silly @opencrvs/components
13 silly runScript preinstall @opencrvs/register
14 silly @opencrvs/register
15 silly hasMatchingDependency @opencrvs/register @opencrvs/components
16 silly hasDependencyInstalled @opencrvs/components @types/jest
17 silly dependencyIsSatisfied [ '@types/jest',
17 silly dependencyIsSatisfied   '^22.2.3',
17 silly dependencyIsSatisfied   '/Users/euanmillar/Clients/Plan/Development/OpenCRVS/packages/components/node_modules' ]
18 verbose dependencyIsSatisfied @types/jest false
19 silly hasDependencyInstalled @opencrvs/register @types/jest
20 silly dependencyIsSatisfied [ '@types/jest',
20 silly dependencyIsSatisfied   '^22.2.3',
20 silly dependencyIsSatisfied   '/Users/euanmillar/Clients/Plan/Development/OpenCRVS/packages/register/node_modules' ]
21 verbose dependencyIsSatisfied @types/jest false
22 silly hasDependencyInstalled @opencrvs/components @types/node
23 silly dependencyIsSatisfied [ '@types/node',
23 silly dependencyIsSatisfied   '^10.0.8',
23 silly dependencyIsSatisfied   '/Users/euanmillar/Clients/Plan/Development/OpenCRVS/packages/components/node_modules' ]
24 verbose dependencyIsSatisfied @types/node false
25 silly hasDependencyInstalled @opencrvs/register @types/node
26 silly dependencyIsSatisfied [ '@types/node',
26 silly dependencyIsSatisfied   '^10.0.8',
26 silly dependencyIsSatisfied   '/Users/euanmillar/Clients/Plan/Development/OpenCRVS/packages/register/node_modules' ]
27 verbose dependencyIsSatisfied @types/node false
28 silly hasDependencyInstalled @opencrvs/components @types/react
29 silly dependencyIsSatisfied [ '@types/react',
29 silly dependencyIsSatisfied   '^16.3.14',
29 silly dependencyIsSatisfied   '/Users/euanmillar/Clients/Plan/Development/OpenCRVS/packages/components/node_modules' ]
30 verbose dependencyIsSatisfied @types/react false
31 silly hasDependencyInstalled @opencrvs/register @types/react
32 silly dependencyIsSatisfied [ '@types/react',
32 silly dependencyIsSatisfied   '^16.3.14',
32 silly dependencyIsSatisfied   '/Users/euanmillar/Clients/Plan/Development/OpenCRVS/packages/register/node_modules' ]
33 verbose dependencyIsSatisfied @types/react false
34 silly hasDependencyInstalled @opencrvs/components @types/react-dom
35 silly dependencyIsSatisfied [ '@types/react-dom',
35 silly dependencyIsSatisfied   '^16.0.5',
35 silly dependencyIsSatisfied   '/Users/euanmillar/Clients/Plan/Development/OpenCRVS/packages/components/node_modules' ]
36 verbose dependencyIsSatisfied @types/react-dom false
37 silly hasDependencyInstalled @opencrvs/register @types/react-dom
38 silly dependencyIsSatisfied [ '@types/react-dom',
38 silly dependencyIsSatisfied   '^16.0.5',
38 silly dependencyIsSatisfied   '/Users/euanmillar/Clients/Plan/Development/OpenCRVS/packages/register/node_modules' ]
39 verbose dependencyIsSatisfied @types/react-dom false
40 silly hasDependencyInstalled @opencrvs/components concurrently
41 silly dependencyIsSatisfied [ 'concurrently',
41 silly dependencyIsSatisfied   '^3.5.1',
41 silly dependencyIsSatisfied   '/Users/euanmillar/Clients/Plan/Development/OpenCRVS/packages/components/node_modules' ]
42 verbose dependencyIsSatisfied concurrently false
43 silly hasDependencyInstalled @opencrvs/components react-scripts-ts
44 silly dependencyIsSatisfied [ 'react-scripts-ts',
44 silly dependencyIsSatisfied   '^2.16.0',
44 silly dependencyIsSatisfied   '/Users/euanmillar/Clients/Plan/Development/OpenCRVS/packages/components/node_modules' ]
45 verbose dependencyIsSatisfied react-scripts-ts false
46 silly hasDependencyInstalled @opencrvs/register react-scripts-ts
47 silly dependencyIsSatisfied [ 'react-scripts-ts',
47 silly dependencyIsSatisfied   '2.16.0',
47 silly dependencyIsSatisfied   '/Users/euanmillar/Clients/Plan/Development/OpenCRVS/packages/register/node_modules' ]
48 verbose dependencyIsSatisfied react-scripts-ts false
49 silly hasDependencyInstalled @opencrvs/components typescript
50 silly dependencyIsSatisfied [ 'typescript',
50 silly dependencyIsSatisfied   '^2.8.3',
50 silly dependencyIsSatisfied   '/Users/euanmillar/Clients/Plan/Development/OpenCRVS/packages/components/node_modules' ]
51 verbose dependencyIsSatisfied typescript false
52 silly hasDependencyInstalled @opencrvs/register typescript
53 silly dependencyIsSatisfied [ 'typescript',
53 silly dependencyIsSatisfied   '^2.8.3',
53 silly dependencyIsSatisfied   '/Users/euanmillar/Clients/Plan/Development/OpenCRVS/packages/register/node_modules' ]
54 verbose dependencyIsSatisfied typescript false
55 silly hasDependencyInstalled @opencrvs/components husky
56 silly dependencyIsSatisfied [ 'husky',
56 silly dependencyIsSatisfied   '^0.14.3',
56 silly dependencyIsSatisfied   '/Users/euanmillar/Clients/Plan/Development/OpenCRVS/packages/components/node_modules' ]
57 verbose dependencyIsSatisfied husky false
58 silly hasDependencyInstalled @opencrvs/register husky
59 silly dependencyIsSatisfied [ 'husky',
59 silly dependencyIsSatisfied   '^0.14.3',
59 silly dependencyIsSatisfied   '/Users/euanmillar/Clients/Plan/Development/OpenCRVS/packages/register/node_modules' ]
60 verbose dependencyIsSatisfied husky false
61 silly hasDependencyInstalled @opencrvs/components lint-staged
62 silly dependencyIsSatisfied [ 'lint-staged',
62 silly dependencyIsSatisfied   '^7.1.0',
62 silly dependencyIsSatisfied   '/Users/euanmillar/Clients/Plan/Development/OpenCRVS/packages/components/node_modules' ]
63 verbose dependencyIsSatisfied lint-staged false
64 silly hasDependencyInstalled @opencrvs/register lint-staged
65 silly dependencyIsSatisfied [ 'lint-staged',
65 silly dependencyIsSatisfied   '^7.1.0',
65 silly dependencyIsSatisfied   '/Users/euanmillar/Clients/Plan/Development/OpenCRVS/packages/register/node_modules' ]
66 verbose dependencyIsSatisfied lint-staged false
67 silly hasDependencyInstalled @opencrvs/components prettier
68 silly dependencyIsSatisfied [ 'prettier',
68 silly dependencyIsSatisfied   '^1.12.1',
68 silly dependencyIsSatisfied   '/Users/euanmillar/Clients/Plan/Development/OpenCRVS/packages/components/node_modules' ]
69 verbose dependencyIsSatisfied prettier false
70 silly hasDependencyInstalled @opencrvs/register prettier
71 silly dependencyIsSatisfied [ 'prettier',
71 silly dependencyIsSatisfied   '^1.12.1',
71 silly dependencyIsSatisfied   '/Users/euanmillar/Clients/Plan/Development/OpenCRVS/packages/register/node_modules' ]
72 verbose dependencyIsSatisfied prettier false
73 silly hasDependencyInstalled @opencrvs/components react
74 silly dependencyIsSatisfied [ 'react',
74 silly dependencyIsSatisfied   '^16.3.2',
74 silly dependencyIsSatisfied   '/Users/euanmillar/Clients/Plan/Development/OpenCRVS/packages/components/node_modules' ]
75 verbose dependencyIsSatisfied react false
76 silly hasDependencyInstalled @opencrvs/register react
77 silly dependencyIsSatisfied [ 'react',
77 silly dependencyIsSatisfied   '^16.3.2',
77 silly dependencyIsSatisfied   '/Users/euanmillar/Clients/Plan/Development/OpenCRVS/packages/register/node_modules' ]
78 verbose dependencyIsSatisfied react false
79 silly hasDependencyInstalled @opencrvs/components react-docgen-typescript
80 silly dependencyIsSatisfied [ 'react-docgen-typescript',
80 silly dependencyIsSatisfied   '^1.5.0',
80 silly dependencyIsSatisfied   '/Users/euanmillar/Clients/Plan/Development/OpenCRVS/packages/components/node_modules' ]
81 verbose dependencyIsSatisfied react-docgen-typescript false
82 silly hasDependencyInstalled @opencrvs/components react-dom
83 silly dependencyIsSatisfied [ 'react-dom',
83 silly dependencyIsSatisfied   '^16.3.2',
83 silly dependencyIsSatisfied   '/Users/euanmillar/Clients/Plan/Development/OpenCRVS/packages/components/node_modules' ]
84 verbose dependencyIsSatisfied react-dom false
85 silly hasDependencyInstalled @opencrvs/register react-dom
86 silly dependencyIsSatisfied [ 'react-dom',
86 silly dependencyIsSatisfied   '^16.3.2',
86 silly dependencyIsSatisfied   '/Users/euanmillar/Clients/Plan/Development/OpenCRVS/packages/register/node_modules' ]
87 verbose dependencyIsSatisfied react-dom false
88 silly hasDependencyInstalled @opencrvs/components react-styleguidist
89 silly dependencyIsSatisfied [ 'react-styleguidist',
89 silly dependencyIsSatisfied   '^7.0.13',
89 silly dependencyIsSatisfied   '/Users/euanmillar/Clients/Plan/Development/OpenCRVS/packages/components/node_modules' ]
90 verbose dependencyIsSatisfied react-styleguidist false
91 silly hasDependencyInstalled @opencrvs/components styled-components
92 silly dependencyIsSatisfied [ 'styled-components',
92 silly dependencyIsSatisfied   '^3.2.6',
92 silly dependencyIsSatisfied   '/Users/euanmillar/Clients/Plan/Development/OpenCRVS/packages/components/node_modules' ]
93 verbose dependencyIsSatisfied styled-components false
94 silly root dependencies []
95 silly leaf dependencies {
95 silly leaf dependencies   "@opencrvs/components": [
95 silly leaf dependencies     {
95 silly leaf dependencies       "dependency": "@types/jest@^22.2.3",
95 silly leaf dependencies       "isSatisfied": false
95 silly leaf dependencies     },
95 silly leaf dependencies     {
95 silly leaf dependencies       "dependency": "@types/node@^10.0.8",
95 silly leaf dependencies       "isSatisfied": false
95 silly leaf dependencies     },
95 silly leaf dependencies     {
95 silly leaf dependencies       "dependency": "@types/react@^16.3.14",
95 silly leaf dependencies       "isSatisfied": false
95 silly leaf dependencies     },
95 silly leaf dependencies     {
95 silly leaf dependencies       "dependency": "@types/react-dom@^16.0.5",
95 silly leaf dependencies       "isSatisfied": false
95 silly leaf dependencies     },
95 silly leaf dependencies     {
95 silly leaf dependencies       "dependency": "concurrently@^3.5.1",
95 silly leaf dependencies       "isSatisfied": false
95 silly leaf dependencies     },
95 silly leaf dependencies     {
95 silly leaf dependencies       "dependency": "react-scripts-ts@^2.16.0",
95 silly leaf dependencies       "isSatisfied": false
95 silly leaf dependencies     },
95 silly leaf dependencies     {
95 silly leaf dependencies       "dependency": "typescript@^2.8.3",
95 silly leaf dependencies       "isSatisfied": false
95 silly leaf dependencies     },
95 silly leaf dependencies     {
95 silly leaf dependencies       "dependency": "husky@^0.14.3",
95 silly leaf dependencies       "isSatisfied": false
95 silly leaf dependencies     },
95 silly leaf dependencies     {
95 silly leaf dependencies       "dependency": "lint-staged@^7.1.0",
95 silly leaf dependencies       "isSatisfied": false
95 silly leaf dependencies     },
95 silly leaf dependencies     {
95 silly leaf dependencies       "dependency": "prettier@^1.12.1",
95 silly leaf dependencies       "isSatisfied": false
95 silly leaf dependencies     },
95 silly leaf dependencies     {
95 silly leaf dependencies       "dependency": "react@^16.3.2",
95 silly leaf dependencies       "isSatisfied": false
95 silly leaf dependencies     },
95 silly leaf dependencies     {
95 silly leaf dependencies       "dependency": "react-docgen-typescript@^1.5.0",
95 silly leaf dependencies       "isSatisfied": false
95 silly leaf dependencies     },
95 silly leaf dependencies     {
95 silly leaf dependencies       "dependency": "react-dom@^16.3.2",
95 silly leaf dependencies       "isSatisfied": false
95 silly leaf dependencies     },
95 silly leaf dependencies     {
95 silly leaf dependencies       "dependency": "react-styleguidist@^7.0.13",
95 silly leaf dependencies       "isSatisfied": false
95 silly leaf dependencies     },
95 silly leaf dependencies     {
95 silly leaf dependencies       "dependency": "styled-components@^3.2.6",
95 silly leaf dependencies       "isSatisfied": false
95 silly leaf dependencies     }
95 silly leaf dependencies   ],
95 silly leaf dependencies   "@opencrvs/register": [
95 silly leaf dependencies     {
95 silly leaf dependencies       "dependency": "@types/jest@^22.2.3",
95 silly leaf dependencies       "isSatisfied": false
95 silly leaf dependencies     },
95 silly leaf dependencies     {
95 silly leaf dependencies       "dependency": "@types/node@^10.0.8",
95 silly leaf dependencies       "isSatisfied": false
95 silly leaf dependencies     },
95 silly leaf dependencies     {
95 silly leaf dependencies       "dependency": "@types/react@^16.3.14",
95 silly leaf dependencies       "isSatisfied": false
95 silly leaf dependencies     },
95 silly leaf dependencies     {
95 silly leaf dependencies       "dependency": "@types/react-dom@^16.0.5",
95 silly leaf dependencies       "isSatisfied": false
95 silly leaf dependencies     },
95 silly leaf dependencies     {
95 silly leaf dependencies       "dependency": "react-scripts-ts@2.16.0",
95 silly leaf dependencies       "isSatisfied": false
95 silly leaf dependencies     },
95 silly leaf dependencies     {
95 silly leaf dependencies       "dependency": "typescript@^2.8.3",
95 silly leaf dependencies       "isSatisfied": false
95 silly leaf dependencies     },
95 silly leaf dependencies     {
95 silly leaf dependencies       "dependency": "husky@^0.14.3",
95 silly leaf dependencies       "isSatisfied": false
95 silly leaf dependencies     },
95 silly leaf dependencies     {
95 silly leaf dependencies       "dependency": "lint-staged@^7.1.0",
95 silly leaf dependencies       "isSatisfied": false
95 silly leaf dependencies     },
95 silly leaf dependencies     {
95 silly leaf dependencies       "dependency": "prettier@^1.12.1",
95 silly leaf dependencies       "isSatisfied": false
95 silly leaf dependencies     },
95 silly leaf dependencies     {
95 silly leaf dependencies       "dependency": "react@^16.3.2",
95 silly leaf dependencies       "isSatisfied": false
95 silly leaf dependencies     },
95 silly leaf dependencies     {
95 silly leaf dependencies       "dependency": "react-dom@^16.3.2",
95 silly leaf dependencies       "isSatisfied": false
95 silly leaf dependencies     }
95 silly leaf dependencies   ]
95 silly leaf dependencies }
96 info Installing external dependencies
97 verbose actions 2 actions, concurrency 4
98 silly installInDir components [ '@types/jest@^22.2.3',
98 silly installInDir   '@types/node@^10.0.8',
98 silly installInDir   '@types/react@^16.3.14',
98 silly installInDir   '@types/react-dom@^16.0.5',
98 silly installInDir   'concurrently@^3.5.1',
98 silly installInDir   'react-scripts-ts@^2.16.0',
98 silly installInDir   'typescript@^2.8.3',
98 silly installInDir   'husky@^0.14.3',
98 silly installInDir   'lint-staged@^7.1.0',
98 silly installInDir   'prettier@^1.12.1',
98 silly installInDir   'react@^16.3.2',
98 silly installInDir   'react-docgen-typescript@^1.5.0',
98 silly installInDir   'react-dom@^16.3.2',
98 silly installInDir   'react-styleguidist@^7.0.13',
98 silly installInDir   'styled-components@^3.2.6' ]
99 silly installInDir backup /Users/euanmillar/Clients/Plan/Development/OpenCRVS/packages/components/package.json
100 silly rename [ '/Users/euanmillar/Clients/Plan/Development/OpenCRVS/packages/components/package.json',
100 silly rename   '/Users/euanmillar/Clients/Plan/Development/OpenCRVS/packages/components/package.json.lerna_backup' ]
101 silly installInDir register [ '@types/jest@^22.2.3',
101 silly installInDir   '@types/node@^10.0.8',
101 silly installInDir   '@types/react@^16.3.14',
101 silly installInDir   '@types/react-dom@^16.0.5',
101 silly installInDir   'react-scripts-ts@2.16.0',
101 silly installInDir   'typescript@^2.8.3',
101 silly installInDir   'husky@^0.14.3',
101 silly installInDir   'lint-staged@^7.1.0',
101 silly installInDir   'prettier@^1.12.1',
101 silly installInDir   'react@^16.3.2',
101 silly installInDir   'react-dom@^16.3.2' ]
102 silly installInDir backup /Users/euanmillar/Clients/Plan/Development/OpenCRVS/packages/register/package.json
103 silly rename [ '/Users/euanmillar/Clients/Plan/Development/OpenCRVS/packages/register/package.json',
103 silly rename   '/Users/euanmillar/Clients/Plan/Development/OpenCRVS/packages/register/package.json.lerna_backup' ]
104 silly installInDir writing tempJson { dependencies:
104 silly installInDir    { '@types/jest': '^22.2.3',
104 silly installInDir      '@types/node': '^10.0.8',
104 silly installInDir      '@types/react': '^16.3.14',
104 silly installInDir      '@types/react-dom': '^16.0.5',
104 silly installInDir      concurrently: '^3.5.1',
104 silly installInDir      'react-scripts-ts': '^2.16.0',
104 silly installInDir      typescript: '^2.8.3',
104 silly installInDir      husky: '^0.14.3',
104 silly installInDir      'lint-staged': '^7.1.0',
104 silly installInDir      prettier: '^1.12.1',
104 silly installInDir      react: '^16.3.2',
104 silly installInDir      'react-docgen-typescript': '^1.5.0',
104 silly installInDir      'react-dom': '^16.3.2',
104 silly installInDir      'react-styleguidist': '^7.0.13',
104 silly installInDir      'styled-components': '^3.2.6' } }
105 silly installInDir writing tempJson { dependencies:
105 silly installInDir    { '@types/jest': '^22.2.3',
105 silly installInDir      '@types/node': '^10.0.8',
105 silly installInDir      '@types/react': '^16.3.14',
105 silly installInDir      '@types/react-dom': '^16.0.5',
105 silly installInDir      'react-scripts-ts': '2.16.0',
105 silly installInDir      typescript: '^2.8.3',
105 silly installInDir      husky: '^0.14.3',
105 silly installInDir      'lint-staged': '^7.1.0',
105 silly installInDir      prettier: '^1.12.1',
105 silly installInDir      react: '^16.3.2',
105 silly installInDir      'react-dom': '^16.3.2' } }
106 silly getExecOpts { cwd: '/Users/euanmillar/Clients/Plan/Development/OpenCRVS/packages/register' }
107 silly installInDir [ 'yarn',
107 silly installInDir   [ 'install', '--mutex', 'network:42424', '--non-interactive' ] ]
108 silly getExecOpts { cwd: '/Users/euanmillar/Clients/Plan/Development/OpenCRVS/packages/components' }
109 silly installInDir [ 'yarn',
109 silly installInDir   [ 'install', '--mutex', 'network:42424', '--non-interactive' ] ]
110 silly installInDir cleanup /Users/euanmillar/Clients/Plan/Development/OpenCRVS/packages/components/package.json
111 silly renameSync [ '/Users/euanmillar/Clients/Plan/Development/OpenCRVS/packages/components/package.json.lerna_backup',
111 silly renameSync   '/Users/euanmillar/Clients/Plan/Development/OpenCRVS/packages/components/package.json' ]
112 verbose installed leaf @opencrvs/components
113 silly installInDir cleanup /Users/euanmillar/Clients/Plan/Development/OpenCRVS/packages/register/package.json
114 silly renameSync [ '/Users/euanmillar/Clients/Plan/Development/OpenCRVS/packages/register/package.json.lerna_backup',
114 silly renameSync   '/Users/euanmillar/Clients/Plan/Development/OpenCRVS/packages/register/package.json' ]
115 verbose installed leaf @opencrvs/register
116 error execute callback with error
117 error Error: Command failed: yarn install --mutex network:42424 --non-interactive
117 error warning package.json: No license field
117 error warning ../../package.json: No license field
117 error warning Waiting for the other yarn instance to finish (59823)
117 error warning No license field
117 error error https://registry.yarnpkg.com/@types/node/-/node-10.1.0.tgz: Fetch succeeded for undefined. However, extracting "https://registry.yarnpkg.com/@types/node/-/node-10.1.0.tgz" resulted in hash "da39a3ee5e6b4b0d3255bfef95601890afd80709", which did not match the requested hash "2783ee1b6c47cbd4044f4a233976c1ac5fa9e942".
117 error yarn install v1.3.2
117 error [1/4] Resolving packages...
117 error [2/4] Fetching packages...
117 error info Visit https://yarnpkg.com/en/docs/cli/install for documentation about this command.
117 error
117 error     at Promise.all.then.arr (/Users/euanmillar/Clients/Plan/Development/OpenCRVS/node_modules/execa/index.js:236:11)
117 error     at <anonymous>
